<?xml version="1.0" encoding="UTF-8"?>
<!-- Generated by org.testng.reporters.JUnitReportReporter -->
<testsuite hostname="LAPTOP-1VL2SLMT" name="organization.FT_Lead_01" tests="1" failures="0" timestamp="15 Aug 2023 14:35:59 GMT" time="23.720" errors="0">
  <testcase name="Creating_a_new_lead_information" time="23.720" classname="organization.FT_Lead_01"/>
</testsuite> <!-- organization.FT_Lead_01 -->
