<?xml version="1.0" encoding="UTF-8"?>
<!-- Generated by org.testng.reporters.JUnitReportReporter -->
<testsuite hostname="LAPTOP-1VL2SLMT" name="organization.FT_Organization_01_test" tests="3" failures="0" timestamp="24 Aug 2023 13:28:42 GMT" time="58.120" errors="0">
  <testcase name="Creating_a_organization" time="19.541" classname="organization.FT_Organization_01_test"/>
  <testcase name="Creating_a_organization" time="19.732" classname="organization.FT_Organization_01_test"/>
  <testcase name="Creating_a_organization" time="18.847" classname="organization.FT_Organization_01_test"/>
</testsuite> <!-- organization.FT_Organization_01_test -->
