<?xml version="1.0" encoding="UTF-8"?>
<!-- Generated by org.testng.reporters.JUnitReportReporter -->
<testsuite hostname="LAPTOP-1VL2SLMT" name="practise.DemoData" tests="1" failures="0" timestamp="17 Aug 2023 06:01:49 GMT" time="0.004" errors="0">
  <testcase name="demo" time="0.004" classname="practise.DemoData"/>
</testsuite> <!-- practise.DemoData -->
