<?xml version="1.0" encoding="UTF-8"?>
<!-- Generated by org.testng.reporters.JUnitReportReporter -->
<testsuite hostname="LAPTOP-1VL2SLMT" name="practise.ex" tests="3" failures="0" timestamp="24 Aug 2023 13:44:48 GMT" time="0.008" errors="0">
  <testcase name="demo" time="0.008" classname="practise.ex"/>
  <testcase name="demo" time="0.000" classname="practise.ex"/>
  <testcase name="demo" time="0.000" classname="practise.ex"/>
</testsuite> <!-- practise.ex -->
