<?xml version="1.0" encoding="UTF-8"?>
<!-- Generated by org.testng.reporters.JUnitReportReporter -->
<testsuite hostname="LAPTOP-1VL2SLMT" name="generics.ExcelUtility" tests="1" failures="0" timestamp="17 Aug 2023 05:32:25 GMT" time="0.455" errors="0">
  <testcase name="readingMutilpleData" time="0.455" classname="generics.ExcelUtility"/>
</testsuite> <!-- generics.ExcelUtility -->
