<?xml version="1.0" encoding="UTF-8"?>
<!-- Generated by org.testng.reporters.JUnitReportReporter -->
<testsuite hostname="LAPTOP-1VL2SLMT" name="organization.Demodata" tests="3" failures="0" timestamp="24 Aug 2023 13:06:05 GMT" time="0.005" errors="0">
  <testcase name="demo" time="0.001" classname="organization.Demodata"/>
  <testcase name="demo" time="0.001" classname="organization.Demodata"/>
  <testcase name="demo" time="0.003" classname="organization.Demodata"/>
</testsuite> <!-- organization.Demodata -->
